



<LinkedHashMap><id>8d2f6ba2-3f26-4fe0-9c33-263f3c953422</id><item/><price>50</price><country>France</country></LinkedHashMap>
<LinkedHashMap><id>440f28cd-7dd4-462e-b701-44b42141262a</id><item/><price>150</price><country>Germany</country></LinkedHashMap>
<LinkedHashMap><id>8ee98071-9e0c-4400-8342-92c13b75c794</id><item/><price>2999</price><country>France</country></LinkedHashMap>
<LinkedHashMap><id>e980de9a-1ddb-4cfb-ac07-722eba00fe3e</id><item/><price>3299</price><country>Germany</country></LinkedHashMap>
<LinkedHashMap><id>d569ecff-d155-44ec-a0b8-1d4b920841a5</id><item>Laptop</item><price>4199</price><country>Germany</country></LinkedHashMap>
<LinkedHashMap><id>8d2f6ba2-3f26-4fe0-9c33-263f3c953422</id><item/><price>50</price><country>France</country></LinkedHashMap>
<LinkedHashMap><id>440f28cd-7dd4-462e-b701-44b42141262a</id><item/><price>150</price><country>Germany</country></LinkedHashMap>
<LinkedHashMap><id>8ee98071-9e0c-4400-8342-92c13b75c794</id><item/><price>2999</price><country>France</country></LinkedHashMap>
<LinkedHashMap><id>e980de9a-1ddb-4cfb-ac07-722eba00fe3e</id><item/><price>3299</price><country>Germany</country></LinkedHashMap>
<LinkedHashMap><id>d569ecff-d155-44ec-a0b8-1d4b920841a5</id><item>Laptop</item><price>4199</price><country>Germany</country></LinkedHashMap>
<LinkedHashMap><id>8d2f6ba2-3f26-4fe0-9c33-263f3c953422</id><item/><price>50</price><country>France</country></LinkedHashMap>
<LinkedHashMap><id>440f28cd-7dd4-462e-b701-44b42141262a</id><item/><price>150</price><country>Germany</country></LinkedHashMap>
<LinkedHashMap><id>8ee98071-9e0c-4400-8342-92c13b75c794</id><item/><price>2999</price><country>France</country></LinkedHashMap>
<LinkedHashMap><id>e980de9a-1ddb-4cfb-ac07-722eba00fe3e</id><item/><price>3299</price><country>Germany</country></LinkedHashMap>
<LinkedHashMap><id>d569ecff-d155-44ec-a0b8-1d4b920841a5</id><item>Laptop</item><price>4199</price><country>Germany</country></LinkedHashMap>
<LinkedHashMap><id>8d2f6ba2-3f26-4fe0-9c33-263f3c953422</id><item/><price>50</price><country>France</country></LinkedHashMap>
<LinkedHashMap><id>440f28cd-7dd4-462e-b701-44b42141262a</id><item/><price>150</price><country>Germany</country></LinkedHashMap>
<LinkedHashMap><id>8ee98071-9e0c-4400-8342-92c13b75c794</id><item/><price>2999</price><country>France</country></LinkedHashMap>
<LinkedHashMap><id>e980de9a-1ddb-4cfb-ac07-722eba00fe3e</id><item/><price>3299</price><country>Germany</country></LinkedHashMap>
<LinkedHashMap><id>d569ecff-d155-44ec-a0b8-1d4b920841a5</id><item>Laptop</item><price>4199</price><country>Germany</country></LinkedHashMap>
<LinkedHashMap><id>8d2f6ba2-3f26-4fe0-9c33-263f3c953422</id><item/><price>50</price><country>France</country></LinkedHashMap>
<LinkedHashMap><id>440f28cd-7dd4-462e-b701-44b42141262a</id><item/><price>150</price><country>Germany</country></LinkedHashMap>
<LinkedHashMap><id>8ee98071-9e0c-4400-8342-92c13b75c794</id><item/><price>2999</price><country>France</country></LinkedHashMap>
<LinkedHashMap><id>e980de9a-1ddb-4cfb-ac07-722eba00fe3e</id><item/><price>3299</price><country>Germany</country></LinkedHashMap>
<LinkedHashMap><id>d569ecff-d155-44ec-a0b8-1d4b920841a5</id><item>Laptop</item><price>4199</price><country>Germany</country></LinkedHashMap>
<LinkedHashMap><id>8d2f6ba2-3f26-4fe0-9c33-263f3c953422</id><item/><price>50</price><country>France</country></LinkedHashMap>
<LinkedHashMap><id>440f28cd-7dd4-462e-b701-44b42141262a</id><item/><price>150</price><country>Germany</country></LinkedHashMap>
<LinkedHashMap><id>8ee98071-9e0c-4400-8342-92c13b75c794</id><item/><price>2999</price><country>France</country></LinkedHashMap>
<LinkedHashMap><id>e980de9a-1ddb-4cfb-ac07-722eba00fe3e</id><item/><price>3299</price><country>Germany</country></LinkedHashMap>
<LinkedHashMap><id>d569ecff-d155-44ec-a0b8-1d4b920841a5</id><item>Laptop</item><price>4199</price><country>Germany</country></LinkedHashMap>
<LinkedHashMap><id>8d2f6ba2-3f26-4fe0-9c33-263f3c953422</id><item/><price>50</price><country>France</country></LinkedHashMap>
<LinkedHashMap><id>440f28cd-7dd4-462e-b701-44b42141262a</id><item/><price>150</price><country>Germany</country></LinkedHashMap>
<LinkedHashMap><id>8ee98071-9e0c-4400-8342-92c13b75c794</id><item/><price>2999</price><country>France</country></LinkedHashMap>
<LinkedHashMap><id>e980de9a-1ddb-4cfb-ac07-722eba00fe3e</id><item/><price>3299</price><country>Germany</country></LinkedHashMap>
<LinkedHashMap><id>d569ecff-d155-44ec-a0b8-1d4b920841a5</id><item>Laptop</item><price>4199</price><country>Germany</country></LinkedHashMap>
<LinkedHashMap><id>8d2f6ba2-3f26-4fe0-9c33-263f3c953422</id><item/><price>50</price><country>France</country></LinkedHashMap>
<LinkedHashMap><id>440f28cd-7dd4-462e-b701-44b42141262a</id><item/><price>150</price><country>Germany</country></LinkedHashMap>
<LinkedHashMap><id>8ee98071-9e0c-4400-8342-92c13b75c794</id><item/><price>2999</price><country>France</country></LinkedHashMap>
<LinkedHashMap><id>e980de9a-1ddb-4cfb-ac07-722eba00fe3e</id><item/><price>3299</price><country>Germany</country></LinkedHashMap>
<LinkedHashMap><id>d569ecff-d155-44ec-a0b8-1d4b920841a5</id><item>Laptop</item><price>4199</price><country>Germany</country></LinkedHashMap>
<LinkedHashMap><id>63fc7e7a-8927-47e2-8641-4827cfda5ca8</id><firstName>Islem</firstName><lastName>Ben Grich</lastName><phone>+21642221351</phone><item>cable usb</item><price>45</price><country>France</country><status>pending</status><createdAt>2025-12-30T20:36:10.898056</createdAt></LinkedHashMap>
<LinkedHashMap><id>cf8bef7c-dc9b-44b2-8c63-a30763cc75d4</id><firstName>Islem</firstName><lastName>Ben Grich</lastName><phone>+21642221351</phone><item>new laptop jdyd</item><price>147</price><country>France</country><status>pending</status><createdAt>2025-12-30T20:51:26.734386</createdAt></LinkedHashMap>
<LinkedHashMap><id>0ceb96bc-6100-4bb2-ad94-3c9c5330c21b</id><firstName>Islem</firstName><lastName>Ben Grich</lastName><phone>+21642221351</phone><item>stouch</item><price>15</price><country>France</country><status>pending</status><createdAt>2025-12-30T20:57:22.669438</createdAt></LinkedHashMap>
<LinkedHashMap><id>1904527b-4d87-4282-b329-25f412501177</id><firstName>Islem</firstName><lastName>Ben Grich</lastName><phone>+21642221351</phone><item>meww</item><price>888</price><country>Germany</country><status>pending</status><createdAt>2025-12-30T21:03:10.183260</createdAt></LinkedHashMap>
